2025-08-27 17:57:58 - main - INFO - Starting main script...
2025-08-27 17:59:19 - main - INFO - Starting main script...
2025-08-27 20:42:18 - main - INFO - Starting main script...
2025-08-27 20:43:29 - main - INFO - Starting main script...
2025-08-27 20:46:43 - main - INFO - Starting main script...
2025-08-27 20:46:43 - main - INFO - Namespace(epochs=512, learning_rate=0.003, max_grad_norm=3.0, dataloader_batch_size=64, dataloader_pin_memory=True, dataloader_num_workers=0, log_iterations=256, eval_iterations=64, use_cuda=False, device='cpu', save_model=True, model_output_path='./models/liquid_gold_model.pt')
2025-08-27 20:46:43 - main - INFO - STARTING MAIN FUNCTION
2025-08-27 20:46:43 - main - INFO - RUNNING THE DATA PIPELINE
2025-08-27 20:49:23 - main - INFO - Starting main script...
2025-08-27 20:49:23 - main - INFO - Namespace(epochs=512, learning_rate=0.003, max_grad_norm=3.0, dataloader_batch_size=64, dataloader_pin_memory=True, dataloader_num_workers=0, log_iterations=256, eval_iterations=64, use_cuda=False, device='cpu', save_model=True, model_output_path='./models/liquid_gold_model.pt')
2025-08-27 20:49:23 - main - INFO - STARTING MAIN FUNCTION
2025-08-27 20:49:23 - main - INFO - RUNNING THE DATA PIPELINE
2025-08-27 20:49:23 - main - INFO - CSV file detected, reading from '..\Data'
2025-08-27 20:49:23 - main - INFO - Train, Test, and Validation csv datasets detected in '..\Data\DataSplits.' Skipping generation and loading scaler(s)
2025-08-27 20:49:23 - main - INFO - Initializing Datasets
2025-08-27 20:49:23 - main - INFO - Creating DataLoaders with batch_size (64), num_workers (0), pin_memory (True). Training dataset drop_last: (True)
2025-08-27 20:49:23 - main - INFO - Training DataLoader has (89) batches, Test DataLoader has (4) batches, Validation DataLoader has (4) batches
2025-08-27 20:49:23 - main - INFO - BEGINNING TRAINING SCRIPT
2025-08-27 21:08:18 - main - INFO - Namespace(epochs=1, learning_rate=0.003, max_grad_norm=3.0, dataloader_batch_size=64, dataloader_pin_memory=True, dataloader_num_workers=0, log_iterations=256, eval_iterations=64, use_cuda=False, device='cpu', save_model=True, model_output_path='./models/liquid_gold_model.pt')
2025-08-27 21:08:18 - main - INFO - Starting main script...
2025-08-27 21:08:18 - main - INFO - STARTING MAIN FUNCTION
2025-08-27 21:08:18 - main - INFO - RUNNING THE DATA PIPELINE
2025-08-27 21:08:18 - main - INFO - CSV file detected, reading from '..\Data'
2025-08-27 21:08:18 - main - INFO - Train, Test, and Validation csv datasets detected in '..\Data\DataSplits.' Skipping generation and loading scaler(s)
2025-08-27 21:08:18 - main - INFO - Initializing Datasets
2025-08-27 21:08:18 - main - INFO - Creating DataLoaders with batch_size (64), num_workers (0), pin_memory (True). Training dataset drop_last: (True)
2025-08-27 21:08:18 - main - INFO - Training DataLoader has (89) batches, Test DataLoader has (4) batches, Validation DataLoader has (4) batches
2025-08-27 21:08:18 - main - INFO - BEGINNING TRAINING SCRIPT
2025-08-27 21:08:20 - main - INFO - FINISHED MODEL TRAINING. 
TRAINING TOOK: 0 Hours, 0 Minutes, and 1.686 Seconds
2025-08-27 21:08:20 - main - INFO - 
TESTING THE TRAINED POLICY:
2025-08-27 21:08:20 - main - INFO - Parent directory './models' created to store the model.
2025-08-27 21:08:20 - main - INFO - Model weights saved in: ./models/liquid_gold_model.pt
2025-08-27 21:08:20 - main - INFO - FINISHED MAIN SCRIPT
OVERALL DURATION: 0 Hours, 0 Minutes, and 1.781 Seconds
2025-08-27 21:08:20 - main - INFO - TERMINATING PROGRAM
2025-08-27 21:21:01 - main - INFO - Namespace(epochs=1, learning_rate=0.003, max_grad_norm=3.0, dataloader_batch_size=64, dataloader_pin_memory=True, dataloader_num_workers=0, log_iterations=256, eval_iterations=64, use_cuda=False, device='cpu', save_model=False, model_output_path='./models/liquid_gold_model.pt')
2025-08-27 21:21:01 - main - INFO - Calling main script...
2025-08-27 21:21:01 - main - INFO - STARTING MAIN FUNCTION
2025-08-27 21:21:01 - main - INFO - RUNNING THE DATA PIPELINE
2025-08-27 21:21:01 - main - INFO - CSV file detected, reading from '..\Data'
2025-08-27 21:21:01 - main - INFO - Train, Test, and Validation csv datasets detected in '..\Data\DataSplits.' Skipping generation and loading scaler(s)
2025-08-27 21:21:01 - main - INFO - Initializing Datasets
2025-08-27 21:21:01 - main - INFO - Creating DataLoaders with batch_size (64), num_workers (0), pin_memory (True). Training dataset drop_last: (True)
2025-08-27 21:21:01 - main - INFO - Training DataLoader has (89) batches, Test DataLoader has (4) batches, Validation DataLoader has (4) batches
2025-08-27 21:21:01 - main - INFO - BEGINNING TRAINING SCRIPT
2025-08-27 21:22:31 - main - INFO - Namespace(epochs=1, learning_rate=0.003, max_grad_norm=3.0, dataloader_batch_size=64, dataloader_pin_memory=True, dataloader_num_workers=0, log_iterations=256, eval_iterations=64, use_cuda=False, device='cpu', save_model=False, model_output_path='./models/liquid_gold_model.pt')
2025-08-27 21:22:31 - main - INFO - Calling main script...
2025-08-27 21:22:31 - main - INFO - STARTING MAIN FUNCTION
2025-08-27 21:22:31 - main - INFO - RUNNING THE DATA PIPELINE
2025-08-27 21:22:31 - main - INFO - CSV file detected, reading from '..\Data'
2025-08-27 21:22:31 - main - INFO - Train, Test, and Validation csv datasets detected in '..\Data\DataSplits.' Skipping generation and loading scaler(s)
2025-08-27 21:22:31 - main - INFO - Initializing Datasets
2025-08-27 21:22:31 - main - INFO - Creating DataLoaders with batch_size (64), num_workers (0), pin_memory (True). Training dataset drop_last: (True)
2025-08-27 21:22:31 - main - INFO - Training DataLoader has (89) batches, Test DataLoader has (4) batches, Validation DataLoader has (4) batches
2025-08-27 21:22:31 - main - INFO - BEGINNING TRAINING SCRIPT
2025-08-27 21:22:33 - main - INFO - =====================  [EPOCH (0) LOGGING]  =====================
2025-08-27 21:22:33 - main - INFO - | AVERAGES of THIS EPOCH:
2025-08-27 21:22:33 - main - INFO - | ACCUMULATED LOSS: 1.1522811
2025-08-27 21:22:33 - main - INFO - ===========================================================
2025-08-27 21:22:33 - main - INFO - FINISHED MODEL TRAINING. 
TRAINING TOOK: 0 Hours, 0 Minutes, and 1.704 Seconds
2025-08-27 21:22:33 - main - INFO - TESTING THE TRAINED POLICY:
2025-08-27 21:22:33 - main - INFO - ===============================================
2025-08-27 21:22:33 - main - INFO - Entire Dataset Average Loss: 0.4079 
2025-08-27 21:22:33 - main - INFO - =====================================================
2025-08-27 21:22:33 - main - INFO - FINISHED MAIN SCRIPT
OVERALL DURATION: 0 Hours, 0 Minutes, and 1.780 Seconds
2025-08-27 21:22:33 - main - INFO - TERMINATING PROGRAM
